[2024-06-14 06:28:38] local.ERROR: Command "pest:install" is not defined.

Did you mean one of these?
    migrate:install
    pest:dataset
    pest:test
    sail:install
    test {"exception":"[object] (Symfony\\Component\\Console\\Exception\\CommandNotFoundException(code: 0): Command \"pest:install\" is not defined.

Did you mean one of these?
    migrate:install
    pest:dataset
    pest:test
    sail:install
    test at D:\\I4-devops\\laravel_devop\\vendor\\symfony\\console\\Application.php:702)
[stacktrace]
#0 D:\\I4-devops\\laravel_devop\\vendor\\symfony\\console\\Application.php(258): Symfony\\Component\\Console\\Application->find()
#1 D:\\I4-devops\\laravel_devop\\vendor\\symfony\\console\\Application.php(167): Symfony\\Component\\Console\\Application->doRun()
#2 D:\\I4-devops\\laravel_devop\\vendor\\laravel\\framework\\src\\Illuminate\\Foundation\\Console\\Kernel.php(196): Symfony\\Component\\Console\\Application->run()
#3 D:\\I4-devops\\laravel_devop\\vendor\\laravel\\framework\\src\\Illuminate\\Foundation\\Application.php(1198): Illuminate\\Foundation\\Console\\Kernel->handle()
#4 D:\\I4-devops\\laravel_devop\\artisan(13): Illuminate\\Foundation\\Application->handleCommand()
#5 {main}
"} 
[2024-06-14 06:28:47] local.ERROR: Command "pest:install" is not defined.

Did you mean one of these?
    migrate:install
    pest:dataset
    pest:test
    sail:install
    test {"exception":"[object] (Symfony\\Component\\Console\\Exception\\CommandNotFoundException(code: 0): Command \"pest:install\" is not defined.

Did you mean one of these?
    migrate:install
    pest:dataset
    pest:test
    sail:install
    test at D:\\I4-devops\\laravel_devop\\vendor\\symfony\\console\\Application.php:702)
[stacktrace]
#0 D:\\I4-devops\\laravel_devop\\vendor\\symfony\\console\\Application.php(258): Symfony\\Component\\Console\\Application->find()
#1 D:\\I4-devops\\laravel_devop\\vendor\\symfony\\console\\Application.php(167): Symfony\\Component\\Console\\Application->doRun()
#2 D:\\I4-devops\\laravel_devop\\vendor\\laravel\\framework\\src\\Illuminate\\Foundation\\Console\\Kernel.php(196): Symfony\\Component\\Console\\Application->run()
#3 D:\\I4-devops\\laravel_devop\\vendor\\laravel\\framework\\src\\Illuminate\\Foundation\\Application.php(1198): Illuminate\\Foundation\\Console\\Kernel->handle()
#4 D:\\I4-devops\\laravel_devop\\artisan(13): Illuminate\\Foundation\\Application->handleCommand()
#5 {main}
"} 
[2024-06-14 06:38:32] local.ERROR: Command "migration" is not defined.

Did you mean one of these?
    make:migration
    migrate
    migrate:fresh
    migrate:install
    migrate:refresh
    migrate:reset
    migrate:rollback
    migrate:status {"exception":"[object] (Symfony\\Component\\Console\\Exception\\CommandNotFoundException(code: 0): Command \"migration\" is not defined.

Did you mean one of these?
    make:migration
    migrate
    migrate:fresh
    migrate:install
    migrate:refresh
    migrate:reset
    migrate:rollback
    migrate:status at D:\\I4-devops\\laravel_devop\\vendor\\symfony\\console\\Application.php:702)
[stacktrace]
#0 D:\\I4-devops\\laravel_devop\\vendor\\symfony\\console\\Application.php(258): Symfony\\Component\\Console\\Application->find()
#1 D:\\I4-devops\\laravel_devop\\vendor\\symfony\\console\\Application.php(167): Symfony\\Component\\Console\\Application->doRun()
#2 D:\\I4-devops\\laravel_devop\\vendor\\laravel\\framework\\src\\Illuminate\\Foundation\\Console\\Kernel.php(196): Symfony\\Component\\Console\\Application->run()
#3 D:\\I4-devops\\laravel_devop\\vendor\\laravel\\framework\\src\\Illuminate\\Foundation\\Application.php(1198): Illuminate\\Foundation\\Console\\Kernel->handle()
#4 D:\\I4-devops\\laravel_devop\\artisan(13): Illuminate\\Foundation\\Application->handleCommand()
#5 {main}
"} 
[2024-06-14 07:45:44] local.ERROR: filemtime(): stat failed for D:\I4-devops\laravel_devop\.env {"exception":"[object] (ErrorException(code: 0): filemtime(): stat failed for D:\\I4-devops\\laravel_devop\\.env at D:\\I4-devops\\laravel_devop\\vendor\\laravel\\framework\\src\\Illuminate\\Foundation\\Console\\ServeCommand.php:109)
[stacktrace]
#0 D:\\I4-devops\\laravel_devop\\vendor\\laravel\\framework\\src\\Illuminate\\Foundation\\Bootstrap\\HandleExceptions.php(256): Illuminate\\Foundation\\Bootstrap\\HandleExceptions->handleError()
#1 [internal function]: Illuminate\\Foundation\\Bootstrap\\HandleExceptions->Illuminate\\Foundation\\Bootstrap\\{closure}()
#2 D:\\I4-devops\\laravel_devop\\vendor\\laravel\\framework\\src\\Illuminate\\Foundation\\Console\\ServeCommand.php(109): filemtime()
#3 D:\\I4-devops\\laravel_devop\\vendor\\laravel\\framework\\src\\Illuminate\\Container\\BoundMethod.php(36): Illuminate\\Foundation\\Console\\ServeCommand->handle()
#4 D:\\I4-devops\\laravel_devop\\vendor\\laravel\\framework\\src\\Illuminate\\Container\\Util.php(41): Illuminate\\Container\\BoundMethod::Illuminate\\Container\\{closure}()
#5 D:\\I4-devops\\laravel_devop\\vendor\\laravel\\framework\\src\\Illuminate\\Container\\BoundMethod.php(93): Illuminate\\Container\\Util::unwrapIfClosure()
#6 D:\\I4-devops\\laravel_devop\\vendor\\laravel\\framework\\src\\Illuminate\\Container\\BoundMethod.php(35): Illuminate\\Container\\BoundMethod::callBoundMethod()
#7 D:\\I4-devops\\laravel_devop\\vendor\\laravel\\framework\\src\\Illuminate\\Container\\Container.php(662): Illuminate\\Container\\BoundMethod::call()
#8 D:\\I4-devops\\laravel_devop\\vendor\\laravel\\framework\\src\\Illuminate\\Console\\Command.php(213): Illuminate\\Container\\Container->call()
#9 D:\\I4-devops\\laravel_devop\\vendor\\symfony\\console\\Command\\Command.php(279): Illuminate\\Console\\Command->execute()
#10 D:\\I4-devops\\laravel_devop\\vendor\\laravel\\framework\\src\\Illuminate\\Console\\Command.php(182): Symfony\\Component\\Console\\Command\\Command->run()
#11 D:\\I4-devops\\laravel_devop\\vendor\\symfony\\console\\Application.php(1047): Illuminate\\Console\\Command->run()
#12 D:\\I4-devops\\laravel_devop\\vendor\\symfony\\console\\Application.php(316): Symfony\\Component\\Console\\Application->doRunCommand()
#13 D:\\I4-devops\\laravel_devop\\vendor\\symfony\\console\\Application.php(167): Symfony\\Component\\Console\\Application->doRun()
#14 D:\\I4-devops\\laravel_devop\\vendor\\laravel\\framework\\src\\Illuminate\\Foundation\\Console\\Kernel.php(196): Symfony\\Component\\Console\\Application->run()
#15 D:\\I4-devops\\laravel_devop\\vendor\\laravel\\framework\\src\\Illuminate\\Foundation\\Application.php(1198): Illuminate\\Foundation\\Console\\Kernel->handle()
#16 D:\\I4-devops\\laravel_devop\\artisan(13): Illuminate\\Foundation\\Application->handleCommand()
#17 {main}
"} 
